# project waf (1.6.11) configured on Tue Jun 17 19:53:32 2014 by
# waf 1.6.11 (abi 98, python 20703f0 on linux2)
# using waf configure
#
----------------------------------------
Setting top to
/home/dale/WAF/waf-1.6.11
----------------------------------------
Setting out to
/home/dale/WAF/waf-1.6.11/build
----------------------------------------
Checking for program python
/usr/bin/python
find program=['python'] paths=['/usr/local/sbin', '/usr/local/bin', '/usr/sbin', '/usr/bin', '/sbin', '/bin', '/usr/games'] var='PYTHON' -> '/usr/bin/python'
['/usr/bin/python', '-c', 'import sys\nfor x in sys.version_info: print(str(x))']
out: 2
7
3
final
0

['/usr/bin/python', '-c', "from distutils.sysconfig import get_config_var, get_python_lib\n\nprint(repr(get_python_lib(standard_lib=0, prefix='/usr/local') or ''))"]
out: '/usr/local/lib/python2.7/dist-packages'

['/usr/bin/python', '-c', "from distutils.sysconfig import get_config_var, get_python_lib\n\nprint(repr(get_python_lib(plat_specific=1, standard_lib=0, prefix='/usr/local') or ''))"]
out: '/usr/local/lib/python2.7/dist-packages'

----------------------------------------
Checking for python version
(2, 7, 3, 'final', 0)
